<?xml version="1.0" encoding="UTF-8"?>
<!-- Generated by org.testng.reporters.JUnitXMLReporter -->
<testsuite ignored="0" hostname="LAPTOP-M5PKHKMD" failures="1" tests="2" name="edgeTest" time="44.69" errors="0" timestamp="2024-07-23T11:28:36 IST">
  <testcase classname="Testng2.Parallel" name="verfiytitle" time="0.017"/>
  <testcase classname="Testng2.Parallel" name="verfiyurl" time="0.013">
    <failure type="java.lang.AssertionError" message="expected [https://www.saucedemo.com/] but found [Swag Labs]">
      <![CDATA[java.lang.AssertionError: expected [https://www.saucedemo.com/] but found [Swag Labs]
at Testng2.Parallel.verfiyurl(Parallel.java:48)
at java.base/java.util.ArrayList.forEach(ArrayList.java:1511)
at java.base/java.util.concurrent.FutureTask.run(FutureTask.java:264)
at java.base/java.util.concurrent.ThreadPoolExecutor.runWorker(ThreadPoolExecutor.java:1136)
at java.base/java.util.concurrent.ThreadPoolExecutor$Worker.run(ThreadPoolExecutor.java:635)
at java.base/java.lang.Thread.run(Thread.java:833)
... Removed 23 stack frames]]>
    </failure>
  </testcase> <!-- verfiyurl -->
</testsuite> <!-- edgeTest -->
