<?xml version="1.0" encoding="UTF-8"?>
<!-- Generated by org.testng.reporters.JUnitXMLReporter -->
<testsuite ignored="2" hostname="LAPTOP-M5PKHKMD" failures="0" tests="4" name="Module1" time="0.08" errors="0" timestamp="2024-05-28T13:22:11 IST">
  <testcase classname="Testng1.TestCase1" name="m2" time="0.009"/>
  <testcase classname="Testng1.TestCase1" name="m3" time="0.001"/>
  <testcase classname="Testng1.TestCase2" name="m5" time="0.002"/>
  <testcase classname="Testng1.TestCase2" name="m6" time="0.001"/>
  <testcase classname="Testng1.TestCase2" name="m4" time="0.0">
    <ignored/>
  </testcase> <!-- m4 -->
  <testcase classname="Testng1.TestCase1" name="m1" time="0.0">
    <ignored/>
  </testcase> <!-- m1 -->
</testsuite> <!-- Module1 -->
