<?xml version="1.0" encoding="UTF-8"?>
<!-- Generated by org.testng.reporters.JUnitXMLReporter -->
<testsuite ignored="0" hostname="LAPTOP-M5PKHKMD" failures="1" tests="3" name="Test" time="20.3" errors="0" timestamp="2024-07-14T10:06:45 IST">
  <testcase classname="ListnersTestng.OrangeHrm" name="verfiylogo" time="0.044"/>
  <testcase classname="ListnersTestng.OrangeHrm" name="testurl" time="0.016">
    <failure type="java.lang.AssertionError" message="expected [https://ensource-demo.orangehrmlive.com/web/index.php/auth/login] but found [https://opensource-demo.orangehrmlive.com/web/index.php/auth/login]">
      <![CDATA[java.lang.AssertionError: expected [https://ensource-demo.orangehrmlive.com/web/index.php/auth/login] but found [https://opensource-demo.orangehrmlive.com/web/index.php/auth/login]
at ListnersTestng.OrangeHrm.testurl(OrangeHrm.java:30)
at java.base/java.util.ArrayList.forEach(ArrayList.java:1511)
... Removed 33 stack frames]]>
    </failure>
  </testcase> <!-- testurl -->
  <testcase classname="ListnersTestng.OrangeHrm" name="title" time="0.0">
    <skipped/>
  </testcase> <!-- title -->
</testsuite> <!-- Test -->
