<?xml version="1.0" encoding="UTF-8"?>
<!-- Generated by org.testng.reporters.JUnitXMLReporter -->
<testsuite ignored="0" hostname="LAPTOP-M5PKHKMD" failures="0" tests="4" name="Test2" time="0.013" errors="0" timestamp="2024-07-01T12:02:35 IST">
  <testcase classname="Testng1.anno2" name="advsearch" time="0.002"/>
  <testcase classname="Testng1.anno2" name="search" time="0.001"/>
  <testcase classname="Testng1.Annotations" name="advsearch" time="0.001"/>
  <testcase classname="Testng1.Annotations" name="search" time="0.002"/>
</testsuite> <!-- Test2 -->
