<?xml version="1.0" encoding="UTF-8"?>
<testng-results ignored="0" total="1" passed="1" failed="0" skipped="0">
  <reporter-output>
  </reporter-output>
  <suite started-at="2024-10-01T12:04:20 IST" name="Default suite" finished-at="2024-10-01T12:04:45 IST" duration-ms="24525">
    <groups>
    </groups>
    <test started-at="2024-10-01T12:04:20 IST" name="Default test" finished-at="2024-10-01T12:04:45 IST" duration-ms="24525">
      <class name="com.testpageclass.Sihnuppagetest">
        <test-method is-config="true" signature="loadfiles()[pri:0, instance:com.testpageclass.Sihnuppagetest@6440112d]" started-at="2024-10-01T12:04:20 IST" name="loadfiles" finished-at="2024-10-01T12:04:20 IST" duration-ms="461" status="PASS">
          <reporter-output>
          </reporter-output>
        </test-method> <!-- loadfiles -->
        <test-method is-config="true" signature="setup()[pri:0, instance:com.testpageclass.Sihnuppagetest@6440112d]" started-at="2024-10-01T12:04:20 IST" name="setup" finished-at="2024-10-01T12:04:33 IST" duration-ms="12764" status="PASS">
          <reporter-output>
          </reporter-output>
        </test-method> <!-- setup -->
        <test-method signature="enteruserdetils()[pri:0, instance:com.testpageclass.Sihnuppagetest@6440112d]" started-at="2024-10-01T12:04:33 IST" name="enteruserdetils" finished-at="2024-10-01T12:04:44 IST" duration-ms="11120" status="PASS">
          <reporter-output>
          </reporter-output>
        </test-method> <!-- enteruserdetils -->
        <test-method is-config="true" signature="terdown()[pri:0, instance:com.testpageclass.Sihnuppagetest@6440112d]" started-at="2024-10-01T12:04:44 IST" name="terdown" finished-at="2024-10-01T12:04:45 IST" duration-ms="573" status="PASS">
          <reporter-output>
          </reporter-output>
        </test-method> <!-- terdown -->
        <test-method is-config="true" signature="reportgeneration()[pri:0, instance:com.testpageclass.Sihnuppagetest@6440112d]" started-at="2024-10-01T12:04:45 IST" name="reportgeneration" finished-at="2024-10-01T12:04:45 IST" duration-ms="587" status="PASS">
          <reporter-output>
          </reporter-output>
        </test-method> <!-- reportgeneration -->
      </class> <!-- com.testpageclass.Sihnuppagetest -->
    </test> <!-- Default test -->
  </suite> <!-- Default suite -->
</testng-results>
