<?xml version="1.0" encoding="UTF-8"?>
<!-- Generated by org.testng.reporters.JUnitXMLReporter -->
<testsuite ignored="6" hostname="LAPTOP-M5PKHKMD" failures="0" tests="2" name="groups" time="0.064" errors="0" timestamp="2024-07-06T11:40:48 IST">
  <testcase classname="Testng1.PaymentTest" name="paymentrupees" time="0.008"/>
  <testcase classname="Testng1.PaymentTest" name="payementindollres" time="0.001"/>
  <testcase classname="Testng1.LoginTests" name="loginByFacebook" time="0.0">
    <ignored/>
  </testcase> <!-- loginByFacebook -->
  <testcase classname="Testng1.SighnUpPage" name="SignupByemail" time="0.0">
    <ignored/>
  </testcase> <!-- SignupByemail -->
  <testcase classname="Testng1.LoginTests" name="loginByTwiiter" time="0.0">
    <ignored/>
  </testcase> <!-- loginByTwiiter -->
  <testcase classname="Testng1.SighnUpPage" name="SignupByFacebook" time="0.0">
    <ignored/>
  </testcase> <!-- SignupByFacebook -->
  <testcase classname="Testng1.LoginTests" name="loginByEmail" time="0.0">
    <ignored/>
  </testcase> <!-- loginByEmail -->
  <testcase classname="Testng1.SighnUpPage" name="SignupByTwitter" time="0.0">
    <ignored/>
  </testcase> <!-- SignupByTwitter -->
</testsuite> <!-- groups -->
